<?xml version="1.0" encoding="UTF-8"?>
<testng-results skipped="0" failed="0" ignored="0" total="1" passed="1">
  <reporter-output>
  </reporter-output>
  <suite name="Default suite" duration-ms="20" started-at="2022-06-29T16:54:14Z" finished-at="2022-06-29T16:54:14Z">
    <groups>
    </groups>
    <test name="Default test" duration-ms="20" started-at="2022-06-29T16:54:14Z" finished-at="2022-06-29T16:54:14Z">
      <class name="com.koche.practice.TestNGPractice">
        <test-method status="PASS" signature="beforeSuite()[pri:0, instance:com.koche.practice.TestNGPractice@7f9a81e8]" name="beforeSuite" is-config="true" duration-ms="8" started-at="2022-06-29T16:54:14Z" finished-at="2022-06-29T16:54:14Z">
          <reporter-output>
          </reporter-output>
        </test-method> <!-- beforeSuite -->
        <test-method status="PASS" signature="BeforeTest()[pri:0, instance:com.koche.practice.TestNGPractice@7f9a81e8]" name="BeforeTest" is-config="true" duration-ms="0" started-at="2022-06-29T16:54:14Z" finished-at="2022-06-29T16:54:14Z">
          <reporter-output>
          </reporter-output>
        </test-method> <!-- BeforeTest -->
        <test-method status="PASS" signature="beforeClass()[pri:0, instance:com.koche.practice.TestNGPractice@7f9a81e8]" name="beforeClass" is-config="true" duration-ms="0" started-at="2022-06-29T16:54:14Z" finished-at="2022-06-29T16:54:14Z">
          <reporter-output>
          </reporter-output>
        </test-method> <!-- beforeClass -->
        <test-method status="PASS" signature="beforeMethod()[pri:0, instance:com.koche.practice.TestNGPractice@7f9a81e8]" name="beforeMethod" is-config="true" duration-ms="1" started-at="2022-06-29T16:54:14Z" finished-at="2022-06-29T16:54:14Z">
          <reporter-output>
          </reporter-output>
        </test-method> <!-- beforeMethod -->
        <test-method status="PASS" signature="add()[pri:0, instance:com.koche.practice.TestNGPractice@7f9a81e8]" name="add" duration-ms="4" started-at="2022-06-29T16:54:14Z" finished-at="2022-06-29T16:54:14Z">
          <reporter-output>
          </reporter-output>
        </test-method> <!-- add -->
      </class> <!-- com.koche.practice.TestNGPractice -->
    </test> <!-- Default test -->
  </suite> <!-- Default suite -->
</testng-results>
